2024-01-10 23:19:17.620 | INFO     | db_management:__init__:45 - An instance of jisho_parse_db db interface class was initialized
2024-01-10 23:19:17.622 | INFO     | db_management:__init__:210 - An instance of je_tts db interface class was initialized
2024-01-10 23:25:22.609 | INFO     | db_management:__init__:45 - An instance of jisho_parse_db db interface class was initialized
2024-01-10 23:25:22.611 | INFO     | db_management:__init__:210 - An instance of je_tts db interface class was initialized
2024-01-10 23:28:01.416 | INFO     | db_management:__init__:45 - An instance of jisho_parse_db db interface class was initialized
2024-01-10 23:28:01.416 | INFO     | db_management:__init__:45 - An instance of jisho_parse_db db interface class was initialized
2024-01-10 23:28:01.418 | INFO     | db_management:__init__:210 - An instance of je_tts db interface class was initialized
2024-01-10 23:28:01.418 | INFO     | db_management:__init__:210 - An instance of je_tts db interface class was initialized
2024-01-10 23:32:32.701 | INFO     | db_management:__init__:45 - An instance of jisho_parse_db db interface class was initialized
2024-01-10 23:32:32.702 | INFO     | db_management:__init__:210 - An instance of je_tts db interface class was initialized
2024-01-10 23:38:05.642 | INFO     | db_management:__init__:45 - An instance of jisho_parse_db db interface class was initialized
2024-01-10 23:38:05.642 | INFO     | db_management:__init__:45 - An instance of jisho_parse_db db interface class was initialized
2024-01-10 23:38:05.644 | INFO     | db_management:__init__:210 - An instance of je_tts db interface class was initialized
2024-01-10 23:38:05.644 | INFO     | db_management:__init__:210 - An instance of je_tts db interface class was initialized
2024-01-10 23:40:00.987 | INFO     | db_management:__init__:45 - An instance of jisho_parse_db db interface class was initialized
2024-01-10 23:40:00.987 | INFO     | db_management:__init__:45 - An instance of jisho_parse_db db interface class was initialized
2024-01-10 23:40:00.987 | INFO     | db_management:__init__:45 - An instance of jisho_parse_db db interface class was initialized
2024-01-10 23:40:00.989 | INFO     | db_management:__init__:210 - An instance of je_tts db interface class was initialized
2024-01-10 23:40:00.989 | INFO     | db_management:__init__:210 - An instance of je_tts db interface class was initialized
2024-01-10 23:40:00.989 | INFO     | db_management:__init__:210 - An instance of je_tts db interface class was initialized
2024-01-10 23:40:41.811 | INFO     | db_management:__init__:45 - An instance of jisho_parse_db db interface class was initialized
2024-01-10 23:40:41.811 | INFO     | db_management:__init__:45 - An instance of jisho_parse_db db interface class was initialized
2024-01-10 23:40:41.811 | INFO     | db_management:__init__:45 - An instance of jisho_parse_db db interface class was initialized
2024-01-10 23:40:41.811 | INFO     | db_management:__init__:45 - An instance of jisho_parse_db db interface class was initialized
2024-01-10 23:40:41.812 | INFO     | db_management:__init__:210 - An instance of je_tts db interface class was initialized
2024-01-10 23:40:41.812 | INFO     | db_management:__init__:210 - An instance of je_tts db interface class was initialized
2024-01-10 23:40:41.812 | INFO     | db_management:__init__:210 - An instance of je_tts db interface class was initialized
2024-01-10 23:40:41.812 | INFO     | db_management:__init__:210 - An instance of je_tts db interface class was initialized
2024-01-10 23:41:03.303 | INFO     | db_management:__init__:45 - An instance of jisho_parse_db db interface class was initialized
2024-01-10 23:41:03.303 | INFO     | db_management:__init__:45 - An instance of jisho_parse_db db interface class was initialized
2024-01-10 23:41:03.303 | INFO     | db_management:__init__:45 - An instance of jisho_parse_db db interface class was initialized
2024-01-10 23:41:03.303 | INFO     | db_management:__init__:45 - An instance of jisho_parse_db db interface class was initialized
2024-01-10 23:41:03.303 | INFO     | db_management:__init__:45 - An instance of jisho_parse_db db interface class was initialized
2024-01-10 23:41:03.305 | INFO     | db_management:__init__:210 - An instance of je_tts db interface class was initialized
2024-01-10 23:41:03.305 | INFO     | db_management:__init__:210 - An instance of je_tts db interface class was initialized
2024-01-10 23:41:03.305 | INFO     | db_management:__init__:210 - An instance of je_tts db interface class was initialized
2024-01-10 23:41:03.305 | INFO     | db_management:__init__:210 - An instance of je_tts db interface class was initialized
2024-01-10 23:41:03.305 | INFO     | db_management:__init__:210 - An instance of je_tts db interface class was initialized
2024-01-10 23:44:51.828 | INFO     | db_management:__init__:45 - An instance of jisho_parse_db db interface class was initialized
2024-01-10 23:44:51.828 | INFO     | db_management:__init__:45 - An instance of jisho_parse_db db interface class was initialized
2024-01-10 23:44:51.828 | INFO     | db_management:__init__:45 - An instance of jisho_parse_db db interface class was initialized
2024-01-10 23:44:51.828 | INFO     | db_management:__init__:45 - An instance of jisho_parse_db db interface class was initialized
2024-01-10 23:44:51.828 | INFO     | db_management:__init__:45 - An instance of jisho_parse_db db interface class was initialized
2024-01-10 23:44:51.828 | INFO     | db_management:__init__:45 - An instance of jisho_parse_db db interface class was initialized
2024-01-10 23:44:51.831 | INFO     | db_management:__init__:210 - An instance of je_tts db interface class was initialized
2024-01-10 23:44:51.831 | INFO     | db_management:__init__:210 - An instance of je_tts db interface class was initialized
2024-01-10 23:44:51.831 | INFO     | db_management:__init__:210 - An instance of je_tts db interface class was initialized
2024-01-10 23:44:51.831 | INFO     | db_management:__init__:210 - An instance of je_tts db interface class was initialized
2024-01-10 23:44:51.831 | INFO     | db_management:__init__:210 - An instance of je_tts db interface class was initialized
2024-01-10 23:44:51.831 | INFO     | db_management:__init__:210 - An instance of je_tts db interface class was initialized
2024-01-10 23:45:47.966 | INFO     | db_management:__init__:45 - An instance of jisho_parse_db db interface class was initialized
2024-01-10 23:45:47.966 | INFO     | db_management:__init__:45 - An instance of jisho_parse_db db interface class was initialized
2024-01-10 23:45:47.966 | INFO     | db_management:__init__:45 - An instance of jisho_parse_db db interface class was initialized
2024-01-10 23:45:47.966 | INFO     | db_management:__init__:45 - An instance of jisho_parse_db db interface class was initialized
2024-01-10 23:45:47.966 | INFO     | db_management:__init__:45 - An instance of jisho_parse_db db interface class was initialized
2024-01-10 23:45:47.966 | INFO     | db_management:__init__:45 - An instance of jisho_parse_db db interface class was initialized
2024-01-10 23:45:47.966 | INFO     | db_management:__init__:45 - An instance of jisho_parse_db db interface class was initialized
2024-01-10 23:45:47.968 | INFO     | db_management:__init__:210 - An instance of je_tts db interface class was initialized
2024-01-10 23:45:47.968 | INFO     | db_management:__init__:210 - An instance of je_tts db interface class was initialized
2024-01-10 23:45:47.968 | INFO     | db_management:__init__:210 - An instance of je_tts db interface class was initialized
2024-01-10 23:45:47.968 | INFO     | db_management:__init__:210 - An instance of je_tts db interface class was initialized
2024-01-10 23:45:47.968 | INFO     | db_management:__init__:210 - An instance of je_tts db interface class was initialized
2024-01-10 23:45:47.968 | INFO     | db_management:__init__:210 - An instance of je_tts db interface class was initialized
2024-01-10 23:45:47.968 | INFO     | db_management:__init__:210 - An instance of je_tts db interface class was initialized
2024-01-10 23:46:37.313 | INFO     | db_management:__init__:45 - An instance of jisho_parse_db db interface class was initialized
2024-01-10 23:46:37.313 | INFO     | db_management:__init__:45 - An instance of jisho_parse_db db interface class was initialized
2024-01-10 23:46:37.313 | INFO     | db_management:__init__:45 - An instance of jisho_parse_db db interface class was initialized
2024-01-10 23:46:37.313 | INFO     | db_management:__init__:45 - An instance of jisho_parse_db db interface class was initialized
2024-01-10 23:46:37.313 | INFO     | db_management:__init__:45 - An instance of jisho_parse_db db interface class was initialized
2024-01-10 23:46:37.313 | INFO     | db_management:__init__:45 - An instance of jisho_parse_db db interface class was initialized
2024-01-10 23:46:37.313 | INFO     | db_management:__init__:45 - An instance of jisho_parse_db db interface class was initialized
2024-01-10 23:46:37.313 | INFO     | db_management:__init__:45 - An instance of jisho_parse_db db interface class was initialized
2024-01-10 23:46:37.315 | INFO     | db_management:__init__:210 - An instance of je_tts db interface class was initialized
2024-01-10 23:46:37.315 | INFO     | db_management:__init__:210 - An instance of je_tts db interface class was initialized
2024-01-10 23:46:37.315 | INFO     | db_management:__init__:210 - An instance of je_tts db interface class was initialized
2024-01-10 23:46:37.315 | INFO     | db_management:__init__:210 - An instance of je_tts db interface class was initialized
2024-01-10 23:46:37.315 | INFO     | db_management:__init__:210 - An instance of je_tts db interface class was initialized
2024-01-10 23:46:37.315 | INFO     | db_management:__init__:210 - An instance of je_tts db interface class was initialized
2024-01-10 23:46:37.315 | INFO     | db_management:__init__:210 - An instance of je_tts db interface class was initialized
2024-01-10 23:46:37.315 | INFO     | db_management:__init__:210 - An instance of je_tts db interface class was initialized
2024-01-10 23:47:48.102 | INFO     | db_management:__init__:45 - An instance of jisho_parse_db db interface class was initialized
2024-01-10 23:47:48.102 | INFO     | db_management:__init__:45 - An instance of jisho_parse_db db interface class was initialized
2024-01-10 23:47:48.102 | INFO     | db_management:__init__:45 - An instance of jisho_parse_db db interface class was initialized
2024-01-10 23:47:48.102 | INFO     | db_management:__init__:45 - An instance of jisho_parse_db db interface class was initialized
2024-01-10 23:47:48.102 | INFO     | db_management:__init__:45 - An instance of jisho_parse_db db interface class was initialized
2024-01-10 23:47:48.102 | INFO     | db_management:__init__:45 - An instance of jisho_parse_db db interface class was initialized
2024-01-10 23:47:48.102 | INFO     | db_management:__init__:45 - An instance of jisho_parse_db db interface class was initialized
2024-01-10 23:47:48.102 | INFO     | db_management:__init__:45 - An instance of jisho_parse_db db interface class was initialized
2024-01-10 23:47:48.102 | INFO     | db_management:__init__:45 - An instance of jisho_parse_db db interface class was initialized
2024-01-10 23:47:48.105 | INFO     | db_management:__init__:210 - An instance of je_tts db interface class was initialized
2024-01-10 23:47:48.105 | INFO     | db_management:__init__:210 - An instance of je_tts db interface class was initialized
2024-01-10 23:47:48.105 | INFO     | db_management:__init__:210 - An instance of je_tts db interface class was initialized
2024-01-10 23:47:48.105 | INFO     | db_management:__init__:210 - An instance of je_tts db interface class was initialized
2024-01-10 23:47:48.105 | INFO     | db_management:__init__:210 - An instance of je_tts db interface class was initialized
2024-01-10 23:47:48.105 | INFO     | db_management:__init__:210 - An instance of je_tts db interface class was initialized
2024-01-10 23:47:48.105 | INFO     | db_management:__init__:210 - An instance of je_tts db interface class was initialized
2024-01-10 23:47:48.105 | INFO     | db_management:__init__:210 - An instance of je_tts db interface class was initialized
2024-01-10 23:47:48.105 | INFO     | db_management:__init__:210 - An instance of je_tts db interface class was initialized
2024-01-10 23:49:06.230 | INFO     | db_management:__init__:45 - An instance of jisho_parse_db db interface class was initialized
2024-01-10 23:49:06.230 | INFO     | db_management:__init__:45 - An instance of jisho_parse_db db interface class was initialized
2024-01-10 23:49:06.230 | INFO     | db_management:__init__:45 - An instance of jisho_parse_db db interface class was initialized
2024-01-10 23:49:06.230 | INFO     | db_management:__init__:45 - An instance of jisho_parse_db db interface class was initialized
2024-01-10 23:49:06.230 | INFO     | db_management:__init__:45 - An instance of jisho_parse_db db interface class was initialized
2024-01-10 23:49:06.230 | INFO     | db_management:__init__:45 - An instance of jisho_parse_db db interface class was initialized
2024-01-10 23:49:06.230 | INFO     | db_management:__init__:45 - An instance of jisho_parse_db db interface class was initialized
2024-01-10 23:49:06.230 | INFO     | db_management:__init__:45 - An instance of jisho_parse_db db interface class was initialized
2024-01-10 23:49:06.230 | INFO     | db_management:__init__:45 - An instance of jisho_parse_db db interface class was initialized
2024-01-10 23:49:06.230 | INFO     | db_management:__init__:45 - An instance of jisho_parse_db db interface class was initialized
2024-01-10 23:49:06.233 | INFO     | db_management:__init__:210 - An instance of je_tts db interface class was initialized
2024-01-10 23:49:06.233 | INFO     | db_management:__init__:210 - An instance of je_tts db interface class was initialized
2024-01-10 23:49:06.233 | INFO     | db_management:__init__:210 - An instance of je_tts db interface class was initialized
2024-01-10 23:49:06.233 | INFO     | db_management:__init__:210 - An instance of je_tts db interface class was initialized
2024-01-10 23:49:06.233 | INFO     | db_management:__init__:210 - An instance of je_tts db interface class was initialized
2024-01-10 23:49:06.233 | INFO     | db_management:__init__:210 - An instance of je_tts db interface class was initialized
2024-01-10 23:49:06.233 | INFO     | db_management:__init__:210 - An instance of je_tts db interface class was initialized
2024-01-10 23:49:06.233 | INFO     | db_management:__init__:210 - An instance of je_tts db interface class was initialized
2024-01-10 23:49:06.233 | INFO     | db_management:__init__:210 - An instance of je_tts db interface class was initialized
2024-01-10 23:49:06.233 | INFO     | db_management:__init__:210 - An instance of je_tts db interface class was initialized
2024-01-10 23:49:27.157 | INFO     | db_management:__init__:45 - An instance of jisho_parse_db db interface class was initialized
2024-01-10 23:49:27.157 | INFO     | db_management:__init__:45 - An instance of jisho_parse_db db interface class was initialized
2024-01-10 23:49:27.157 | INFO     | db_management:__init__:45 - An instance of jisho_parse_db db interface class was initialized
2024-01-10 23:49:27.157 | INFO     | db_management:__init__:45 - An instance of jisho_parse_db db interface class was initialized
2024-01-10 23:49:27.157 | INFO     | db_management:__init__:45 - An instance of jisho_parse_db db interface class was initialized
2024-01-10 23:49:27.157 | INFO     | db_management:__init__:45 - An instance of jisho_parse_db db interface class was initialized
2024-01-10 23:49:27.157 | INFO     | db_management:__init__:45 - An instance of jisho_parse_db db interface class was initialized
2024-01-10 23:49:27.157 | INFO     | db_management:__init__:45 - An instance of jisho_parse_db db interface class was initialized
2024-01-10 23:49:27.157 | INFO     | db_management:__init__:45 - An instance of jisho_parse_db db interface class was initialized
2024-01-10 23:49:27.157 | INFO     | db_management:__init__:45 - An instance of jisho_parse_db db interface class was initialized
2024-01-10 23:49:27.157 | INFO     | db_management:__init__:45 - An instance of jisho_parse_db db interface class was initialized
2024-01-10 23:49:27.159 | INFO     | db_management:__init__:210 - An instance of je_tts db interface class was initialized
2024-01-10 23:49:27.159 | INFO     | db_management:__init__:210 - An instance of je_tts db interface class was initialized
2024-01-10 23:49:27.159 | INFO     | db_management:__init__:210 - An instance of je_tts db interface class was initialized
2024-01-10 23:49:27.159 | INFO     | db_management:__init__:210 - An instance of je_tts db interface class was initialized
2024-01-10 23:49:27.159 | INFO     | db_management:__init__:210 - An instance of je_tts db interface class was initialized
2024-01-10 23:49:27.159 | INFO     | db_management:__init__:210 - An instance of je_tts db interface class was initialized
2024-01-10 23:49:27.159 | INFO     | db_management:__init__:210 - An instance of je_tts db interface class was initialized
2024-01-10 23:49:27.159 | INFO     | db_management:__init__:210 - An instance of je_tts db interface class was initialized
2024-01-10 23:49:27.159 | INFO     | db_management:__init__:210 - An instance of je_tts db interface class was initialized
2024-01-10 23:49:27.159 | INFO     | db_management:__init__:210 - An instance of je_tts db interface class was initialized
2024-01-10 23:49:27.159 | INFO     | db_management:__init__:210 - An instance of je_tts db interface class was initialized
2024-01-10 23:49:59.477 | INFO     | db_management:__init__:45 - An instance of jisho_parse_db db interface class was initialized
2024-01-10 23:49:59.477 | INFO     | db_management:__init__:45 - An instance of jisho_parse_db db interface class was initialized
2024-01-10 23:49:59.477 | INFO     | db_management:__init__:45 - An instance of jisho_parse_db db interface class was initialized
2024-01-10 23:49:59.477 | INFO     | db_management:__init__:45 - An instance of jisho_parse_db db interface class was initialized
2024-01-10 23:49:59.477 | INFO     | db_management:__init__:45 - An instance of jisho_parse_db db interface class was initialized
2024-01-10 23:49:59.477 | INFO     | db_management:__init__:45 - An instance of jisho_parse_db db interface class was initialized
2024-01-10 23:49:59.477 | INFO     | db_management:__init__:45 - An instance of jisho_parse_db db interface class was initialized
2024-01-10 23:49:59.477 | INFO     | db_management:__init__:45 - An instance of jisho_parse_db db interface class was initialized
2024-01-10 23:49:59.477 | INFO     | db_management:__init__:45 - An instance of jisho_parse_db db interface class was initialized
2024-01-10 23:49:59.477 | INFO     | db_management:__init__:45 - An instance of jisho_parse_db db interface class was initialized
2024-01-10 23:49:59.477 | INFO     | db_management:__init__:45 - An instance of jisho_parse_db db interface class was initialized
2024-01-10 23:49:59.477 | INFO     | db_management:__init__:45 - An instance of jisho_parse_db db interface class was initialized
2024-01-10 23:49:59.480 | INFO     | db_management:__init__:210 - An instance of je_tts db interface class was initialized
2024-01-10 23:49:59.480 | INFO     | db_management:__init__:210 - An instance of je_tts db interface class was initialized
2024-01-10 23:49:59.480 | INFO     | db_management:__init__:210 - An instance of je_tts db interface class was initialized
2024-01-10 23:49:59.480 | INFO     | db_management:__init__:210 - An instance of je_tts db interface class was initialized
2024-01-10 23:49:59.480 | INFO     | db_management:__init__:210 - An instance of je_tts db interface class was initialized
2024-01-10 23:49:59.480 | INFO     | db_management:__init__:210 - An instance of je_tts db interface class was initialized
2024-01-10 23:49:59.480 | INFO     | db_management:__init__:210 - An instance of je_tts db interface class was initialized
2024-01-10 23:49:59.480 | INFO     | db_management:__init__:210 - An instance of je_tts db interface class was initialized
2024-01-10 23:49:59.480 | INFO     | db_management:__init__:210 - An instance of je_tts db interface class was initialized
2024-01-10 23:49:59.480 | INFO     | db_management:__init__:210 - An instance of je_tts db interface class was initialized
2024-01-10 23:49:59.480 | INFO     | db_management:__init__:210 - An instance of je_tts db interface class was initialized
2024-01-10 23:49:59.480 | INFO     | db_management:__init__:210 - An instance of je_tts db interface class was initialized
2024-01-10 23:50:11.701 | INFO     | db_management:__init__:45 - An instance of jisho_parse_db db interface class was initialized
2024-01-10 23:50:11.701 | INFO     | db_management:__init__:45 - An instance of jisho_parse_db db interface class was initialized
2024-01-10 23:50:11.701 | INFO     | db_management:__init__:45 - An instance of jisho_parse_db db interface class was initialized
2024-01-10 23:50:11.701 | INFO     | db_management:__init__:45 - An instance of jisho_parse_db db interface class was initialized
2024-01-10 23:50:11.701 | INFO     | db_management:__init__:45 - An instance of jisho_parse_db db interface class was initialized
2024-01-10 23:50:11.701 | INFO     | db_management:__init__:45 - An instance of jisho_parse_db db interface class was initialized
2024-01-10 23:50:11.701 | INFO     | db_management:__init__:45 - An instance of jisho_parse_db db interface class was initialized
2024-01-10 23:50:11.701 | INFO     | db_management:__init__:45 - An instance of jisho_parse_db db interface class was initialized
2024-01-10 23:50:11.701 | INFO     | db_management:__init__:45 - An instance of jisho_parse_db db interface class was initialized
2024-01-10 23:50:11.701 | INFO     | db_management:__init__:45 - An instance of jisho_parse_db db interface class was initialized
2024-01-10 23:50:11.701 | INFO     | db_management:__init__:45 - An instance of jisho_parse_db db interface class was initialized
2024-01-10 23:50:11.701 | INFO     | db_management:__init__:45 - An instance of jisho_parse_db db interface class was initialized
2024-01-10 23:50:11.701 | INFO     | db_management:__init__:45 - An instance of jisho_parse_db db interface class was initialized
2024-01-10 23:50:11.704 | INFO     | db_management:__init__:210 - An instance of je_tts db interface class was initialized
2024-01-10 23:50:11.704 | INFO     | db_management:__init__:210 - An instance of je_tts db interface class was initialized
2024-01-10 23:50:11.704 | INFO     | db_management:__init__:210 - An instance of je_tts db interface class was initialized
2024-01-10 23:50:11.704 | INFO     | db_management:__init__:210 - An instance of je_tts db interface class was initialized
2024-01-10 23:50:11.704 | INFO     | db_management:__init__:210 - An instance of je_tts db interface class was initialized
2024-01-10 23:50:11.704 | INFO     | db_management:__init__:210 - An instance of je_tts db interface class was initialized
2024-01-10 23:50:11.704 | INFO     | db_management:__init__:210 - An instance of je_tts db interface class was initialized
2024-01-10 23:50:11.704 | INFO     | db_management:__init__:210 - An instance of je_tts db interface class was initialized
2024-01-10 23:50:11.704 | INFO     | db_management:__init__:210 - An instance of je_tts db interface class was initialized
2024-01-10 23:50:11.704 | INFO     | db_management:__init__:210 - An instance of je_tts db interface class was initialized
2024-01-10 23:50:11.704 | INFO     | db_management:__init__:210 - An instance of je_tts db interface class was initialized
2024-01-10 23:50:11.704 | INFO     | db_management:__init__:210 - An instance of je_tts db interface class was initialized
2024-01-10 23:50:11.704 | INFO     | db_management:__init__:210 - An instance of je_tts db interface class was initialized
2024-01-11 17:39:29.317 | INFO     | db_management:__init__:45 - An instance of jisho_parse_db db interface class was initialized
2024-01-11 17:39:29.319 | INFO     | db_management:__init__:210 - An instance of je_tts db interface class was initialized
2024-01-11 17:39:29.385 | INFO     | processors:jisho_parse:32 - Jisho Parser - Lines to transmute: 10
2024-01-11 17:39:29.386 | INFO     | transmutors:parse_list_with_jisho:69 - JISHO AutoParse initialized
2024-01-11 17:39:37.576 | INFO     | db_management:__init__:45 - An instance of jisho_parse_db db interface class was initialized
2024-01-11 17:39:37.578 | INFO     | db_management:__init__:210 - An instance of je_tts db interface class was initialized
2024-01-11 17:39:37.912 | INFO     | db_management:__init__:45 - An instance of jisho_parse_db db interface class was initialized
2024-01-11 17:39:37.914 | INFO     | db_management:__init__:210 - An instance of je_tts db interface class was initialized
2024-01-11 17:39:37.932 | INFO     | db_management:__init__:45 - An instance of jisho_parse_db db interface class was initialized
2024-01-11 17:39:37.934 | INFO     | db_management:__init__:210 - An instance of je_tts db interface class was initialized
2024-01-11 17:39:37.946 | INFO     | db_management:__init__:45 - An instance of jisho_parse_db db interface class was initialized
2024-01-11 17:39:37.952 | INFO     | db_management:__init__:210 - An instance of je_tts db interface class was initialized
2024-01-11 17:39:37.956 | INFO     | db_management:__init__:45 - An instance of jisho_parse_db db interface class was initialized
2024-01-11 17:39:37.958 | INFO     | db_management:__init__:210 - An instance of je_tts db interface class was initialized
2024-01-11 17:39:38.037 | INFO     | db_management:__init__:45 - An instance of jisho_parse_db db interface class was initialized
2024-01-11 17:39:38.043 | INFO     | db_management:__init__:210 - An instance of je_tts db interface class was initialized
2024-01-11 17:39:38.083 | INFO     | db_management:__init__:45 - An instance of jisho_parse_db db interface class was initialized
2024-01-11 17:39:38.085 | INFO     | db_management:__init__:210 - An instance of je_tts db interface class was initialized
2024-01-11 17:39:38.100 | INFO     | db_management:__init__:45 - An instance of jisho_parse_db db interface class was initialized
2024-01-11 17:39:38.102 | INFO     | db_management:__init__:210 - An instance of je_tts db interface class was initialized
2024-01-11 17:39:38.110 | INFO     | db_management:__init__:45 - An instance of jisho_parse_db db interface class was initialized
2024-01-11 17:39:38.112 | INFO     | db_management:__init__:210 - An instance of je_tts db interface class was initialized
2024-01-11 17:39:38.264 | INFO     | db_management:__init__:45 - An instance of jisho_parse_db db interface class was initialized
2024-01-11 17:39:38.265 | INFO     | db_management:__init__:210 - An instance of je_tts db interface class was initialized
2024-01-11 17:39:40.982 | INFO     | transmutors:parse_string_with_jisho:42 - Trying to parse line 6
2024-01-11 17:39:41.090 | INFO     | transmutors:parse_string_with_jisho:42 - Trying to parse line 8
2024-01-11 17:39:41.255 | INFO     | transmutors:parse_string_with_jisho:42 - Trying to parse line 0
2024-01-11 17:39:41.418 | INFO     | transmutors:parse_string_with_jisho:42 - Trying to parse line 2
2024-01-11 17:39:41.513 | INFO     | transmutors:parse_string_with_jisho:42 - Trying to parse line 3
2024-01-11 17:39:41.666 | INFO     | transmutors:parse_string_with_jisho:42 - Trying to parse line 9
2024-01-11 17:39:41.721 | INFO     | transmutors:parse_string_with_jisho:42 - Trying to parse line 5
2024-01-11 17:39:41.734 | INFO     | transmutors:parse_string_with_jisho:42 - Trying to parse line 4
2024-01-11 17:39:41.776 | INFO     | transmutors:parse_string_with_jisho:42 - Trying to parse line 1
2024-01-11 17:39:42.003 | INFO     | transmutors:parse_string_with_jisho:42 - Trying to parse line 7
2024-01-11 17:39:45.826 | INFO     | transmutors:parse_string_with_jisho:45 - 4 - Webdriver instance Started
2024-01-11 17:39:46.030 | INFO     | transmutors:parse_string_with_jisho:45 - 6 - Webdriver instance Started
2024-01-11 17:39:46.236 | INFO     | transmutors:parse_string_with_jisho:45 - 3 - Webdriver instance Started
2024-01-11 17:39:46.283 | INFO     | transmutors:parse_string_with_jisho:45 - 7 - Webdriver instance Started
2024-01-11 17:39:46.322 | INFO     | transmutors:parse_string_with_jisho:45 - 2 - Webdriver instance Started
2024-01-11 17:39:46.343 | INFO     | transmutors:parse_string_with_jisho:45 - 8 - Webdriver instance Started
2024-01-11 17:39:46.457 | INFO     | transmutors:parse_string_with_jisho:45 - 0 - Webdriver instance Started
2024-01-11 17:39:46.480 | INFO     | transmutors:parse_string_with_jisho:45 - 9 - Webdriver instance Started
2024-01-11 17:39:46.482 | INFO     | transmutors:parse_string_with_jisho:45 - 1 - Webdriver instance Started
2024-01-11 17:39:46.513 | INFO     | transmutors:parse_string_with_jisho:45 - 5 - Webdriver instance Started
2024-01-11 17:39:53.820 | INFO     | transmutors:parse_list_with_jisho:78 - JISHO AutoParse: All lines parsed
2024-01-11 17:39:53.826 | INFO     | db_management:insert:116 - jisho_parse_db:Insert of parsed html for line 「休日、なのにどうしてこんな騒ぎに巻き込まれたの？」 in jisho_parse was sucessful
2024-01-11 17:39:53.832 | INFO     | db_management:insert:116 - jisho_parse_db:Insert of parsed html for line 「それは少しだけ複雑なのですが……そこの、スバルの導きですね」 in jisho_parse was sucessful
2024-01-11 17:39:53.838 | INFO     | db_management:insert:116 - jisho_parse_db:Insert of parsed html for line 今は意識がここにない少年、彼との出会いがラインハルトをここへ導いたのだ。 in jisho_parse was sucessful
2024-01-11 17:39:53.843 | INFO     | db_management:insert:116 - jisho_parse_db:Insert of parsed html for line 順を追って説明すれば、ラインハルトがスバルと初めて邂逅した路地裏、あそこでのスバルとの問答にまで物語はさかのぼる。 in jisho_parse was sucessful
2024-01-11 17:39:53.848 | INFO     | db_management:insert:116 - jisho_parse_db:Insert of parsed html for line あのとき、スバルは『銀髪で白いローブを着た女性を探している』とラインハルトに漏らしていた。 in jisho_parse was sucessful
2024-01-11 17:39:53.853 | INFO     | db_management:insert:116 - jisho_parse_db:Insert of parsed html for line あの時点で、ラインハルトの知識に該当する人物はひとりしかいない。 in jisho_parse was sucessful
2024-01-11 17:39:53.858 | INFO     | db_management:insert:116 - jisho_parse_db:Insert of parsed html for line その人物への接触を求めるスバル。 in jisho_parse was sucessful
2024-01-11 17:39:53.863 | INFO     | db_management:insert:116 - jisho_parse_db:Insert of parsed html for line 彼の動向を探るうちに、ラインハルトもまた、貧民街へと足を踏み入れることとなり、。 in jisho_parse was sucessful
2024-01-11 17:39:53.868 | INFO     | db_management:insert:116 - jisho_parse_db:Insert of parsed html for line 「途中で彼女と出会い、今に至るというところです」 in jisho_parse was sucessful
2024-01-11 17:39:53.874 | INFO     | db_management:insert:116 - jisho_parse_db:Insert of parsed html for line 「そう、あの子に」 in jisho_parse was sucessful
2024-01-11 17:39:53.875 | INFO     | processors:gcloud_tts:61 - Google Cloud TTS - Lines to transmute: 0
2024-01-11 17:39:53.881 | INFO     | db_management:__init__:210 - An instance of je_tts db interface class was initialized
2024-01-11 17:39:53.881 | INFO     | db_management:query:262 - je_tts Query for 「休日、なのにどうしてこんな騒ぎに巻き込まれたの？」 successful
2024-01-11 17:39:53.882 | INFO     | db_management:__init__:45 - An instance of jisho_parse_db db interface class was initialized
2024-01-11 17:39:53.883 | INFO     | db_management:query:97 - jisho_parse_db:jisho_parse_db Query for 「休日、なのにどうしてこんな騒ぎに巻き込まれたの？」 successful
2024-01-11 17:39:53.883 | INFO     | db_management:__init__:210 - An instance of je_tts db interface class was initialized
2024-01-11 17:39:53.884 | INFO     | db_management:query:262 - je_tts Query for 「それは少しだけ複雑なのですが……そこの、スバルの導きですね」 successful
2024-01-11 17:39:53.886 | INFO     | db_management:__init__:45 - An instance of jisho_parse_db db interface class was initialized
2024-01-11 17:39:53.886 | INFO     | db_management:query:97 - jisho_parse_db:jisho_parse_db Query for 「それは少しだけ複雑なのですが……そこの、スバルの導きですね」 successful
2024-01-11 17:39:53.887 | INFO     | db_management:__init__:210 - An instance of je_tts db interface class was initialized
2024-01-11 17:39:53.887 | INFO     | db_management:query:262 - je_tts Query for 今は意識がここにない少年、彼との出会いがラインハルトをここへ導いたのだ。 successful
2024-01-11 17:39:53.889 | INFO     | db_management:__init__:45 - An instance of jisho_parse_db db interface class was initialized
2024-01-11 17:39:53.889 | INFO     | db_management:query:97 - jisho_parse_db:jisho_parse_db Query for 今は意識がここにない少年、彼との出会いがラインハルトをここへ導いたのだ。 successful
2024-01-11 17:39:53.890 | INFO     | db_management:__init__:210 - An instance of je_tts db interface class was initialized
2024-01-11 17:39:53.890 | INFO     | db_management:query:262 - je_tts Query for 順を追って説明すれば、ラインハルトがスバルと初めて邂逅した路地裏、あそこでのスバルとの問答にまで物語はさかのぼる。 successful
2024-01-11 17:39:53.893 | INFO     | db_management:__init__:45 - An instance of jisho_parse_db db interface class was initialized
2024-01-11 17:39:53.893 | INFO     | db_management:query:97 - jisho_parse_db:jisho_parse_db Query for 順を追って説明すれば、ラインハルトがスバルと初めて邂逅した路地裏、あそこでのスバルとの問答にまで物語はさかのぼる。 successful
2024-01-11 17:39:53.894 | INFO     | db_management:__init__:210 - An instance of je_tts db interface class was initialized
2024-01-11 17:39:53.894 | INFO     | db_management:query:262 - je_tts Query for あのとき、スバルは『銀髪で白いローブを着た女性を探している』とラインハルトに漏らしていた。 successful
2024-01-11 17:39:53.896 | INFO     | db_management:__init__:45 - An instance of jisho_parse_db db interface class was initialized
2024-01-11 17:39:53.896 | INFO     | db_management:query:97 - jisho_parse_db:jisho_parse_db Query for あのとき、スバルは『銀髪で白いローブを着た女性を探している』とラインハルトに漏らしていた。 successful
2024-01-11 17:39:53.897 | INFO     | db_management:__init__:210 - An instance of je_tts db interface class was initialized
2024-01-11 17:39:53.897 | INFO     | db_management:query:262 - je_tts Query for あの時点で、ラインハルトの知識に該当する人物はひとりしかいない。 successful
2024-01-11 17:39:53.898 | INFO     | db_management:__init__:45 - An instance of jisho_parse_db db interface class was initialized
2024-01-11 17:39:53.899 | INFO     | db_management:query:97 - jisho_parse_db:jisho_parse_db Query for あの時点で、ラインハルトの知識に該当する人物はひとりしかいない。 successful
2024-01-11 17:39:53.900 | INFO     | db_management:__init__:210 - An instance of je_tts db interface class was initialized
2024-01-11 17:39:53.900 | INFO     | db_management:query:262 - je_tts Query for その人物への接触を求めるスバル。 successful
2024-01-11 17:39:53.902 | INFO     | db_management:__init__:45 - An instance of jisho_parse_db db interface class was initialized
2024-01-11 17:39:53.902 | INFO     | db_management:query:97 - jisho_parse_db:jisho_parse_db Query for その人物への接触を求めるスバル。 successful
2024-01-11 17:39:53.903 | INFO     | db_management:__init__:210 - An instance of je_tts db interface class was initialized
2024-01-11 17:39:53.903 | INFO     | db_management:query:262 - je_tts Query for 彼の動向を探るうちに、ラインハルトもまた、貧民街へと足を踏み入れることとなり、。 successful
2024-01-11 17:39:53.904 | INFO     | db_management:__init__:45 - An instance of jisho_parse_db db interface class was initialized
2024-01-11 17:39:53.905 | INFO     | db_management:query:97 - jisho_parse_db:jisho_parse_db Query for 彼の動向を探るうちに、ラインハルトもまた、貧民街へと足を踏み入れることとなり、。 successful
2024-01-11 17:39:53.906 | INFO     | db_management:__init__:210 - An instance of je_tts db interface class was initialized
2024-01-11 17:39:53.906 | INFO     | db_management:query:262 - je_tts Query for 「途中で彼女と出会い、今に至るというところです」 successful
2024-01-11 17:39:53.907 | INFO     | db_management:__init__:45 - An instance of jisho_parse_db db interface class was initialized
2024-01-11 17:39:53.907 | INFO     | db_management:query:97 - jisho_parse_db:jisho_parse_db Query for 「途中で彼女と出会い、今に至るというところです」 successful
2024-01-11 17:39:53.908 | INFO     | db_management:__init__:210 - An instance of je_tts db interface class was initialized
2024-01-11 17:39:53.909 | INFO     | db_management:query:262 - je_tts Query for 「そう、あの子に」 successful
2024-01-11 17:39:53.910 | INFO     | db_management:__init__:45 - An instance of jisho_parse_db db interface class was initialized
2024-01-11 17:39:53.910 | INFO     | db_management:query:97 - jisho_parse_db:jisho_parse_db Query for 「そう、あの子に」 successful
2024-01-11 17:39:54.030 | INFO     | generators:full_html:314 - RekaiHTML file generated sucessfully
2024-01-11 22:43:13.010 | INFO     | db_management:__init__:45 - An instance of jisho_parse_db db interface class was initialized
2024-01-11 22:43:13.012 | INFO     | db_management:__init__:210 - An instance of je_tts db interface class was initialized
2024-01-11 22:43:13.092 | INFO     | processors:jisho_parse:32 - Jisho Parser - Lines to transmute: 0
2024-01-11 22:43:13.092 | INFO     | transmutors:parse_list_with_jisho:69 - JISHO AutoParse initialized
2024-01-11 22:43:13.096 | INFO     | transmutors:parse_list_with_jisho:78 - JISHO AutoParse: All lines parsed
2024-01-11 22:43:13.096 | INFO     | processors:gcloud_tts:61 - Google Cloud TTS - Lines to transmute: 0
2024-01-11 22:43:13.103 | INFO     | db_management:__init__:210 - An instance of je_tts db interface class was initialized
2024-01-11 22:43:13.104 | INFO     | db_management:query:262 - je_tts Query for 「休日、なのにどうしてこんな騒ぎに巻き込まれたの？」 successful
2024-01-11 22:43:13.106 | INFO     | db_management:__init__:45 - An instance of jisho_parse_db db interface class was initialized
2024-01-11 22:43:13.107 | INFO     | db_management:query:97 - jisho_parse_db:jisho_parse_db Query for 「休日、なのにどうしてこんな騒ぎに巻き込まれたの？」 successful
2024-01-11 22:43:13.108 | INFO     | db_management:__init__:210 - An instance of je_tts db interface class was initialized
2024-01-11 22:43:13.109 | INFO     | db_management:query:262 - je_tts Query for 「それは少しだけ複雑なのですが……そこの、スバルの導きですね」 successful
2024-01-11 22:43:13.111 | INFO     | db_management:__init__:45 - An instance of jisho_parse_db db interface class was initialized
2024-01-11 22:43:13.112 | INFO     | db_management:query:97 - jisho_parse_db:jisho_parse_db Query for 「それは少しだけ複雑なのですが……そこの、スバルの導きですね」 successful
2024-01-11 22:43:13.113 | INFO     | db_management:__init__:210 - An instance of je_tts db interface class was initialized
2024-01-11 22:43:13.115 | INFO     | db_management:query:262 - je_tts Query for 今は意識がここにない少年、彼との出会いがラインハルトをここへ導いたのだ。 successful
2024-01-11 22:43:13.117 | INFO     | db_management:__init__:45 - An instance of jisho_parse_db db interface class was initialized
2024-01-11 22:43:13.118 | INFO     | db_management:query:97 - jisho_parse_db:jisho_parse_db Query for 今は意識がここにない少年、彼との出会いがラインハルトをここへ導いたのだ。 successful
2024-01-11 22:43:13.120 | INFO     | db_management:__init__:210 - An instance of je_tts db interface class was initialized
2024-01-11 22:43:13.120 | INFO     | db_management:query:262 - je_tts Query for 順を追って説明すれば、ラインハルトがスバルと初めて邂逅した路地裏、あそこでのスバルとの問答にまで物語はさかのぼる。 successful
2024-01-11 22:43:13.122 | INFO     | db_management:__init__:45 - An instance of jisho_parse_db db interface class was initialized
2024-01-11 22:43:13.123 | INFO     | db_management:query:97 - jisho_parse_db:jisho_parse_db Query for 順を追って説明すれば、ラインハルトがスバルと初めて邂逅した路地裏、あそこでのスバルとの問答にまで物語はさかのぼる。 successful
2024-01-11 22:43:13.125 | INFO     | db_management:__init__:210 - An instance of je_tts db interface class was initialized
2024-01-11 22:43:13.125 | INFO     | db_management:query:262 - je_tts Query for あのとき、スバルは『銀髪で白いローブを着た女性を探している』とラインハルトに漏らしていた。 successful
2024-01-11 22:43:13.127 | INFO     | db_management:__init__:45 - An instance of jisho_parse_db db interface class was initialized
2024-01-11 22:43:13.127 | INFO     | db_management:query:97 - jisho_parse_db:jisho_parse_db Query for あのとき、スバルは『銀髪で白いローブを着た女性を探している』とラインハルトに漏らしていた。 successful
2024-01-11 22:43:13.128 | INFO     | db_management:__init__:210 - An instance of je_tts db interface class was initialized
2024-01-11 22:43:13.129 | INFO     | db_management:query:262 - je_tts Query for あの時点で、ラインハルトの知識に該当する人物はひとりしかいない。 successful
2024-01-11 22:43:13.130 | INFO     | db_management:__init__:45 - An instance of jisho_parse_db db interface class was initialized
2024-01-11 22:43:13.130 | INFO     | db_management:query:97 - jisho_parse_db:jisho_parse_db Query for あの時点で、ラインハルトの知識に該当する人物はひとりしかいない。 successful
2024-01-11 22:43:13.133 | INFO     | db_management:__init__:210 - An instance of je_tts db interface class was initialized
2024-01-11 22:43:13.134 | INFO     | db_management:query:262 - je_tts Query for その人物への接触を求めるスバル。 successful
2024-01-11 22:43:13.135 | INFO     | db_management:__init__:45 - An instance of jisho_parse_db db interface class was initialized
2024-01-11 22:43:13.136 | INFO     | db_management:query:97 - jisho_parse_db:jisho_parse_db Query for その人物への接触を求めるスバル。 successful
2024-01-11 22:43:13.137 | INFO     | db_management:__init__:210 - An instance of je_tts db interface class was initialized
2024-01-11 22:43:13.138 | INFO     | db_management:query:262 - je_tts Query for 彼の動向を探るうちに、ラインハルトもまた、貧民街へと足を踏み入れることとなり、。 successful
2024-01-11 22:43:13.139 | INFO     | db_management:__init__:45 - An instance of jisho_parse_db db interface class was initialized
2024-01-11 22:43:13.140 | INFO     | db_management:query:97 - jisho_parse_db:jisho_parse_db Query for 彼の動向を探るうちに、ラインハルトもまた、貧民街へと足を踏み入れることとなり、。 successful
2024-01-11 22:43:13.141 | INFO     | db_management:__init__:210 - An instance of je_tts db interface class was initialized
2024-01-11 22:43:13.141 | INFO     | db_management:query:262 - je_tts Query for 「途中で彼女と出会い、今に至るというところです」 successful
2024-01-11 22:43:13.143 | INFO     | db_management:__init__:45 - An instance of jisho_parse_db db interface class was initialized
2024-01-11 22:43:13.143 | INFO     | db_management:query:97 - jisho_parse_db:jisho_parse_db Query for 「途中で彼女と出会い、今に至るというところです」 successful
2024-01-11 22:43:13.145 | INFO     | db_management:__init__:210 - An instance of je_tts db interface class was initialized
2024-01-11 22:43:13.145 | INFO     | db_management:query:262 - je_tts Query for 「そう、あの子に」 successful
2024-01-11 22:43:13.147 | INFO     | db_management:__init__:45 - An instance of jisho_parse_db db interface class was initialized
2024-01-11 22:43:13.148 | INFO     | db_management:query:97 - jisho_parse_db:jisho_parse_db Query for 「そう、あの子に」 successful
2024-01-11 22:43:13.387 | INFO     | generators:full_html:313 - RekaiHTML file generated sucessfully
